{"/Users/Kheng/Dropbox/Backup/Hack Reactor/Hungry Hungry Hippos/service-KC/client/src/components/app.jsx": {"path":"/Users/Kheng/Dropbox/Backup/Hack Reactor/Hungry Hungry Hippos/service-KC/client/src/components/app.jsx","statementMap":{"0":{"start":{"line":8,"column":4},"end":{"line":8,"column":17}},"1":{"start":{"line":10,"column":13},"end":{"line":10,"column":14}},"2":{"start":{"line":12,"column":21},"end":{"line":12,"column":56}},"3":{"start":{"line":14,"column":19},"end":{"line":14,"column":51}},"4":{"start":{"line":15,"column":4},"end":{"line":17,"column":5}},"5":{"start":{"line":16,"column":6},"end":{"line":16,"column":18}},"6":{"start":{"line":19,"column":4},"end":{"line":21,"column":6}},"7":{"start":{"line":25,"column":29},"end":{"line":25,"column":39}},"8":{"start":{"line":27,"column":4},"end":{"line":33,"column":6}}},"fnMap":{"0":{"name":"(anonymous_0)","decl":{"start":{"line":7,"column":2},"end":{"line":7,"column":3}},"loc":{"start":{"line":7,"column":21},"end":{"line":22,"column":3}},"line":7},"1":{"name":"(anonymous_1)","decl":{"start":{"line":24,"column":2},"end":{"line":24,"column":3}},"loc":{"start":{"line":24,"column":11},"end":{"line":34,"column":3}},"line":24}},"branchMap":{"0":{"loc":{"start":{"line":15,"column":4},"end":{"line":17,"column":5}},"type":"if","locations":[{"start":{"line":15,"column":4},"end":{"line":17,"column":5}},{"start":{"line":15,"column":4},"end":{"line":17,"column":5}}],"line":15}},"s":{"0":1,"1":1,"2":1,"3":1,"4":1,"5":0,"6":1,"7":1,"8":1},"f":{"0":1,"1":1},"b":{"0":[0,1]},"_coverageSchema":"43e27e138ebf9cfc5966b082cf9a028302ed4184","hash":"e2df61408cf5c59fb3d8ecbf1c90c0978b25c3e7"}
,"/Users/Kheng/Dropbox/Backup/Hack Reactor/Hungry Hungry Hippos/service-KC/client/src/components/gtk/gTKArticleItem.jsx": {"path":"/Users/Kheng/Dropbox/Backup/Hack Reactor/Hungry Hungry Hippos/service-KC/client/src/components/gtk/gTKArticleItem.jsx","statementMap":{"0":{"start":{"line":3,"column":23},"end":{"line":20,"column":1}},"1":{"start":{"line":4,"column":26},"end":{"line":4,"column":31}},"2":{"start":{"line":7,"column":4},"end":{"line":16,"column":10}},"3":{"start":{"line":7,"column":52},"end":{"line":7,"column":85}},"4":{"start":{"line":7,"column":107},"end":{"line":7,"column":140}},"5":{"start":{"line":19,"column":2},"end":{"line":19,"column":20}}},"fnMap":{"0":{"name":"(anonymous_0)","decl":{"start":{"line":3,"column":23},"end":{"line":3,"column":24}},"loc":{"start":{"line":3,"column":34},"end":{"line":20,"column":1}},"line":3},"1":{"name":"(anonymous_1)","decl":{"start":{"line":7,"column":45},"end":{"line":7,"column":46}},"loc":{"start":{"line":7,"column":52},"end":{"line":7,"column":85}},"line":7},"2":{"name":"(anonymous_2)","decl":{"start":{"line":7,"column":100},"end":{"line":7,"column":101}},"loc":{"start":{"line":7,"column":107},"end":{"line":7,"column":140}},"line":7}},"branchMap":{},"s":{"0":1,"1":0,"2":0,"3":0,"4":0,"5":0},"f":{"0":0,"1":0,"2":0},"b":{},"_coverageSchema":"43e27e138ebf9cfc5966b082cf9a028302ed4184","hash":"61d169e5264f6b92c99303bb9500a3712b80ef3e"}
,"/Users/Kheng/Dropbox/Backup/Hack Reactor/Hungry Hungry Hippos/service-KC/client/src/components/gtk/gTKArticleList.jsx": {"path":"/Users/Kheng/Dropbox/Backup/Hack Reactor/Hungry Hungry Hippos/service-KC/client/src/components/gtk/gTKArticleList.jsx","statementMap":{"0":{"start":{"line":8,"column":4},"end":{"line":8,"column":17}},"1":{"start":{"line":10,"column":4},"end":{"line":12,"column":6}},"2":{"start":{"line":14,"column":4},"end":{"line":14,"column":55}},"3":{"start":{"line":18,"column":25},"end":{"line":18,"column":35}},"4":{"start":{"line":19,"column":27},"end":{"line":19,"column":37}},"5":{"start":{"line":20,"column":4},"end":{"line":22,"column":7}},"6":{"start":{"line":26,"column":35},"end":{"line":26,"column":45}},"7":{"start":{"line":27,"column":27},"end":{"line":27,"column":37}},"8":{"start":{"line":29,"column":22},"end":{"line":29,"column":24}},"9":{"start":{"line":30,"column":4},"end":{"line":50,"column":5}},"10":{"start":{"line":31,"column":6},"end":{"line":49,"column":8}},"11":{"start":{"line":38,"column":14},"end":{"line":38,"column":81}},"12":{"start":{"line":52,"column":4},"end":{"line":52,"column":23}},"13":{"start":{"line":56,"column":0},"end":{"line":64,"column":2}}},"fnMap":{"0":{"name":"(anonymous_0)","decl":{"start":{"line":7,"column":2},"end":{"line":7,"column":3}},"loc":{"start":{"line":7,"column":21},"end":{"line":15,"column":3}},"line":7},"1":{"name":"(anonymous_1)","decl":{"start":{"line":17,"column":2},"end":{"line":17,"column":3}},"loc":{"start":{"line":17,"column":18},"end":{"line":23,"column":3}},"line":17},"2":{"name":"(anonymous_2)","decl":{"start":{"line":25,"column":2},"end":{"line":25,"column":3}},"loc":{"start":{"line":25,"column":11},"end":{"line":53,"column":3}},"line":25},"3":{"name":"(anonymous_3)","decl":{"start":{"line":37,"column":47},"end":{"line":37,"column":48}},"loc":{"start":{"line":38,"column":14},"end":{"line":38,"column":81}},"line":38}},"branchMap":{"0":{"loc":{"start":{"line":21,"column":18},"end":{"line":21,"column":70}},"type":"cond-expr","locations":[{"start":{"line":21,"column":51},"end":{"line":21,"column":52}},{"start":{"line":21,"column":55},"end":{"line":21,"column":70}}],"line":21},"1":{"loc":{"start":{"line":30,"column":4},"end":{"line":50,"column":5}},"type":"if","locations":[{"start":{"line":30,"column":4},"end":{"line":50,"column":5}},{"start":{"line":30,"column":4},"end":{"line":50,"column":5}}],"line":30},"2":{"loc":{"start":{"line":30,"column":8},"end":{"line":30,"column":35}},"type":"binary-expr","locations":[{"start":{"line":30,"column":8},"end":{"line":30,"column":16}},{"start":{"line":30,"column":20},"end":{"line":30,"column":35}}],"line":30},"3":{"loc":{"start":{"line":41,"column":11},"end":{"line":47,"column":16}},"type":"cond-expr","locations":[{"start":{"line":42,"column":12},"end":{"line":46,"column":18}},{"start":{"line":47,"column":14},"end":{"line":47,"column":16}}],"line":41},"4":{"loc":{"start":{"line":44,"column":17},"end":{"line":44,"column":95}},"type":"cond-expr","locations":[{"start":{"line":44,"column":50},"end":{"line":44,"column":61}},{"start":{"line":44,"column":64},"end":{"line":44,"column":95}}],"line":44}},"s":{"0":0,"1":0,"2":0,"3":0,"4":0,"5":0,"6":0,"7":0,"8":0,"9":0,"10":0,"11":0,"12":0,"13":1},"f":{"0":0,"1":0,"2":0,"3":0},"b":{"0":[0,0],"1":[0,0],"2":[0,0],"3":[0,0],"4":[0,0]},"_coverageSchema":"43e27e138ebf9cfc5966b082cf9a028302ed4184","hash":"dc11f341d5a2571d6a4ecb525d5d036a70b00d8d"}
,"/Users/Kheng/Dropbox/Backup/Hack Reactor/Hungry Hungry Hippos/service-KC/client/src/components/gtk/gTKInsiderTip.jsx": {"path":"/Users/Kheng/Dropbox/Backup/Hack Reactor/Hungry Hungry Hippos/service-KC/client/src/components/gtk/gTKInsiderTip.jsx","statementMap":{"0":{"start":{"line":3,"column":22},"end":{"line":21,"column":1}},"1":{"start":{"line":4,"column":18},"end":{"line":4,"column":23}},"2":{"start":{"line":6,"column":15},"end":{"line":6,"column":17}},"3":{"start":{"line":7,"column":2},"end":{"line":18,"column":3}},"4":{"start":{"line":8,"column":4},"end":{"line":17,"column":6}},"5":{"start":{"line":20,"column":2},"end":{"line":20,"column":16}}},"fnMap":{"0":{"name":"(anonymous_0)","decl":{"start":{"line":3,"column":22},"end":{"line":3,"column":23}},"loc":{"start":{"line":3,"column":33},"end":{"line":21,"column":1}},"line":3}},"branchMap":{"0":{"loc":{"start":{"line":7,"column":2},"end":{"line":18,"column":3}},"type":"if","locations":[{"start":{"line":7,"column":2},"end":{"line":18,"column":3}},{"start":{"line":7,"column":2},"end":{"line":18,"column":3}}],"line":7}},"s":{"0":1,"1":0,"2":0,"3":0,"4":0,"5":0},"f":{"0":0},"b":{"0":[0,0]},"_coverageSchema":"43e27e138ebf9cfc5966b082cf9a028302ed4184","hash":"f452620486eb1a836ce58b0bb56ac728b066e344"}
,"/Users/Kheng/Dropbox/Backup/Hack Reactor/Hungry Hungry Hippos/service-KC/client/src/components/gtk/gTKKnownItem.jsx": {"path":"/Users/Kheng/Dropbox/Backup/Hack Reactor/Hungry Hungry Hippos/service-KC/client/src/components/gtk/gTKKnownItem.jsx","statementMap":{"0":{"start":{"line":3,"column":21},"end":{"line":14,"column":1}},"1":{"start":{"line":4,"column":19},"end":{"line":4,"column":24}},"2":{"start":{"line":7,"column":4},"end":{"line":10,"column":10}},"3":{"start":{"line":13,"column":2},"end":{"line":13,"column":22}}},"fnMap":{"0":{"name":"(anonymous_0)","decl":{"start":{"line":3,"column":21},"end":{"line":3,"column":22}},"loc":{"start":{"line":3,"column":32},"end":{"line":14,"column":1}},"line":3}},"branchMap":{},"s":{"0":1,"1":0,"2":0,"3":0},"f":{"0":0},"b":{},"_coverageSchema":"43e27e138ebf9cfc5966b082cf9a028302ed4184","hash":"cfcdc0b51d92d05589bc6ddd19066cffe418ce0c"}
,"/Users/Kheng/Dropbox/Backup/Hack Reactor/Hungry Hungry Hippos/service-KC/client/src/components/gtk/gTKKnownList.jsx": {"path":"/Users/Kheng/Dropbox/Backup/Hack Reactor/Hungry Hungry Hippos/service-KC/client/src/components/gtk/gTKKnownList.jsx","statementMap":{"0":{"start":{"line":5,"column":21},"end":{"line":23,"column":1}},"1":{"start":{"line":6,"column":23},"end":{"line":6,"column":28}},"2":{"start":{"line":8,"column":18},"end":{"line":8,"column":20}},"3":{"start":{"line":9,"column":2},"end":{"line":20,"column":3}},"4":{"start":{"line":10,"column":4},"end":{"line":19,"column":6}},"5":{"start":{"line":15,"column":12},"end":{"line":15,"column":63}},"6":{"start":{"line":22,"column":2},"end":{"line":22,"column":19}}},"fnMap":{"0":{"name":"(anonymous_0)","decl":{"start":{"line":5,"column":21},"end":{"line":5,"column":22}},"loc":{"start":{"line":5,"column":32},"end":{"line":23,"column":1}},"line":5},"1":{"name":"(anonymous_1)","decl":{"start":{"line":14,"column":24},"end":{"line":14,"column":25}},"loc":{"start":{"line":15,"column":12},"end":{"line":15,"column":63}},"line":15}},"branchMap":{"0":{"loc":{"start":{"line":9,"column":2},"end":{"line":20,"column":3}},"type":"if","locations":[{"start":{"line":9,"column":2},"end":{"line":20,"column":3}},{"start":{"line":9,"column":2},"end":{"line":20,"column":3}}],"line":9},"1":{"loc":{"start":{"line":9,"column":6},"end":{"line":9,"column":33}},"type":"binary-expr","locations":[{"start":{"line":9,"column":6},"end":{"line":9,"column":14}},{"start":{"line":9,"column":18},"end":{"line":9,"column":33}}],"line":9}},"s":{"0":1,"1":0,"2":0,"3":0,"4":0,"5":0,"6":0},"f":{"0":0,"1":0},"b":{"0":[0,0],"1":[0,0]},"_coverageSchema":"43e27e138ebf9cfc5966b082cf9a028302ed4184","hash":"ed72d3d1b9e79e11fa04dc5a73417b5d627878d8"}
,"/Users/Kheng/Dropbox/Backup/Hack Reactor/Hungry Hungry Hippos/service-KC/client/src/components/gtk/gTKOrderItem.jsx": {"path":"/Users/Kheng/Dropbox/Backup/Hack Reactor/Hungry Hungry Hippos/service-KC/client/src/components/gtk/gTKOrderItem.jsx","statementMap":{"0":{"start":{"line":3,"column":21},"end":{"line":15,"column":1}},"1":{"start":{"line":4,"column":19},"end":{"line":4,"column":24}},"2":{"start":{"line":7,"column":4},"end":{"line":11,"column":10}},"3":{"start":{"line":14,"column":2},"end":{"line":14,"column":18}}},"fnMap":{"0":{"name":"(anonymous_0)","decl":{"start":{"line":3,"column":21},"end":{"line":3,"column":22}},"loc":{"start":{"line":3,"column":32},"end":{"line":15,"column":1}},"line":3}},"branchMap":{},"s":{"0":1,"1":0,"2":0,"3":0},"f":{"0":0},"b":{},"_coverageSchema":"43e27e138ebf9cfc5966b082cf9a028302ed4184","hash":"d5bd9d7d6f905d2687cae3f9d2c3365f2d4789f9"}
,"/Users/Kheng/Dropbox/Backup/Hack Reactor/Hungry Hungry Hippos/service-KC/client/src/components/gtk/gTKOrderList.jsx": {"path":"/Users/Kheng/Dropbox/Backup/Hack Reactor/Hungry Hungry Hippos/service-KC/client/src/components/gtk/gTKOrderList.jsx","statementMap":{"0":{"start":{"line":5,"column":21},"end":{"line":23,"column":1}},"1":{"start":{"line":6,"column":26},"end":{"line":6,"column":31}},"2":{"start":{"line":8,"column":18},"end":{"line":8,"column":20}},"3":{"start":{"line":9,"column":2},"end":{"line":20,"column":3}},"4":{"start":{"line":10,"column":4},"end":{"line":19,"column":6}},"5":{"start":{"line":15,"column":12},"end":{"line":15,"column":63}},"6":{"start":{"line":22,"column":2},"end":{"line":22,"column":19}}},"fnMap":{"0":{"name":"(anonymous_0)","decl":{"start":{"line":5,"column":21},"end":{"line":5,"column":22}},"loc":{"start":{"line":5,"column":32},"end":{"line":23,"column":1}},"line":5},"1":{"name":"(anonymous_1)","decl":{"start":{"line":14,"column":15},"end":{"line":14,"column":16}},"loc":{"start":{"line":15,"column":12},"end":{"line":15,"column":63}},"line":15}},"branchMap":{"0":{"loc":{"start":{"line":9,"column":2},"end":{"line":20,"column":3}},"type":"if","locations":[{"start":{"line":9,"column":2},"end":{"line":20,"column":3}},{"start":{"line":9,"column":2},"end":{"line":20,"column":3}}],"line":9},"1":{"loc":{"start":{"line":9,"column":6},"end":{"line":9,"column":39}},"type":"binary-expr","locations":[{"start":{"line":9,"column":6},"end":{"line":9,"column":17}},{"start":{"line":9,"column":21},"end":{"line":9,"column":39}}],"line":9}},"s":{"0":1,"1":0,"2":0,"3":0,"4":0,"5":0,"6":0},"f":{"0":0,"1":0},"b":{"0":[0,0],"1":[0,0]},"_coverageSchema":"43e27e138ebf9cfc5966b082cf9a028302ed4184","hash":"e2bdfe4a87ae74ecdb96ff25269aa187dbb9743f"}
,"/Users/Kheng/Dropbox/Backup/Hack Reactor/Hungry Hungry Hippos/service-KC/client/src/components/gtk/goodToKnow.jsx": {"path":"/Users/Kheng/Dropbox/Backup/Hack Reactor/Hungry Hungry Hippos/service-KC/client/src/components/gtk/goodToKnow.jsx","statementMap":{"0":{"start":{"line":10,"column":4},"end":{"line":10,"column":17}},"1":{"start":{"line":12,"column":4},"end":{"line":15,"column":6}},"2":{"start":{"line":19,"column":19},"end":{"line":19,"column":29}},"3":{"start":{"line":20,"column":4},"end":{"line":20,"column":29}},"4":{"start":{"line":24,"column":4},"end":{"line":24,"column":63}},"5":{"start":{"line":24,"column":51},"end":{"line":24,"column":61}},"6":{"start":{"line":28,"column":4},"end":{"line":28,"column":60}},"7":{"start":{"line":28,"column":48},"end":{"line":28,"column":58}},"8":{"start":{"line":32,"column":21},"end":{"line":35,"column":5}},"9":{"start":{"line":37,"column":4},"end":{"line":43,"column":9}},"10":{"start":{"line":39,"column":8},"end":{"line":42,"column":10}},"11":{"start":{"line":47,"column":37},"end":{"line":47,"column":47}},"12":{"start":{"line":49,"column":4},"end":{"line":56,"column":6}},"13":{"start":{"line":60,"column":0},"end":{"line":62,"column":2}}},"fnMap":{"0":{"name":"(anonymous_0)","decl":{"start":{"line":9,"column":2},"end":{"line":9,"column":3}},"loc":{"start":{"line":9,"column":21},"end":{"line":16,"column":3}},"line":9},"1":{"name":"(anonymous_1)","decl":{"start":{"line":18,"column":2},"end":{"line":18,"column":3}},"loc":{"start":{"line":18,"column":22},"end":{"line":21,"column":3}},"line":18},"2":{"name":"(anonymous_2)","decl":{"start":{"line":23,"column":2},"end":{"line":23,"column":3}},"loc":{"start":{"line":23,"column":27},"end":{"line":25,"column":3}},"line":23},"3":{"name":"(anonymous_3)","decl":{"start":{"line":24,"column":44},"end":{"line":24,"column":45}},"loc":{"start":{"line":24,"column":51},"end":{"line":24,"column":61}},"line":24},"4":{"name":"(anonymous_4)","decl":{"start":{"line":27,"column":2},"end":{"line":27,"column":3}},"loc":{"start":{"line":27,"column":25},"end":{"line":29,"column":3}},"line":27},"5":{"name":"(anonymous_5)","decl":{"start":{"line":28,"column":41},"end":{"line":28,"column":42}},"loc":{"start":{"line":28,"column":48},"end":{"line":28,"column":58}},"line":28},"6":{"name":"(anonymous_6)","decl":{"start":{"line":31,"column":2},"end":{"line":31,"column":3}},"loc":{"start":{"line":31,"column":22},"end":{"line":44,"column":3}},"line":31},"7":{"name":"(anonymous_7)","decl":{"start":{"line":38,"column":12},"end":{"line":38,"column":13}},"loc":{"start":{"line":39,"column":8},"end":{"line":42,"column":10}},"line":39},"8":{"name":"(anonymous_8)","decl":{"start":{"line":46,"column":2},"end":{"line":46,"column":3}},"loc":{"start":{"line":46,"column":11},"end":{"line":57,"column":3}},"line":46}},"branchMap":{"0":{"loc":{"start":{"line":54,"column":9},"end":{"line":54,"column":122}},"type":"cond-expr","locations":[{"start":{"line":54,"column":27},"end":{"line":54,"column":117}},{"start":{"line":54,"column":120},"end":{"line":54,"column":122}}],"line":54}},"s":{"0":0,"1":0,"2":0,"3":0,"4":0,"5":0,"6":0,"7":0,"8":0,"9":0,"10":0,"11":0,"12":0,"13":1},"f":{"0":0,"1":0,"2":0,"3":0,"4":0,"5":0,"6":0,"7":0,"8":0},"b":{"0":[0,0]},"_coverageSchema":"43e27e138ebf9cfc5966b082cf9a028302ed4184","hash":"875a5719e7e5dbc7d225918b1be5e4c752197964"}
,"/Users/Kheng/Dropbox/Backup/Hack Reactor/Hungry Hungry Hippos/service-KC/client/src/components/reviews/reviewItem.jsx": {"path":"/Users/Kheng/Dropbox/Backup/Hack Reactor/Hungry Hungry Hippos/service-KC/client/src/components/reviews/reviewItem.jsx","statementMap":{"0":{"start":{"line":7,"column":4},"end":{"line":7,"column":17}},"1":{"start":{"line":9,"column":23},"end":{"line":9,"column":28}},"2":{"start":{"line":11,"column":4},"end":{"line":13,"column":6}},"3":{"start":{"line":15,"column":4},"end":{"line":15,"column":63}},"4":{"start":{"line":19,"column":4},"end":{"line":19,"column":29}},"5":{"start":{"line":23,"column":23},"end":{"line":23,"column":33}},"6":{"start":{"line":24,"column":32},"end":{"line":24,"column":42}},"7":{"start":{"line":26,"column":4},"end":{"line":42,"column":5}},"8":{"start":{"line":27,"column":6},"end":{"line":41,"column":7}},"9":{"start":{"line":28,"column":24},"end":{"line":28,"column":56}},"10":{"start":{"line":29,"column":26},"end":{"line":29,"column":52}},"11":{"start":{"line":30,"column":8},"end":{"line":32,"column":9}},"12":{"start":{"line":31,"column":10},"end":{"line":31,"column":52}},"13":{"start":{"line":34,"column":8},"end":{"line":36,"column":11}},"14":{"start":{"line":38,"column":8},"end":{"line":40,"column":11}},"15":{"start":{"line":46,"column":23},"end":{"line":46,"column":33}},"16":{"start":{"line":47,"column":32},"end":{"line":47,"column":42}},"17":{"start":{"line":50,"column":6},"end":{"line":65,"column":12}},"18":{"start":{"line":68,"column":4},"end":{"line":68,"column":21}},"19":{"start":{"line":72,"column":0},"end":{"line":81,"column":2}}},"fnMap":{"0":{"name":"(anonymous_0)","decl":{"start":{"line":6,"column":2},"end":{"line":6,"column":3}},"loc":{"start":{"line":6,"column":21},"end":{"line":16,"column":3}},"line":6},"1":{"name":"(anonymous_1)","decl":{"start":{"line":18,"column":2},"end":{"line":18,"column":3}},"loc":{"start":{"line":18,"column":22},"end":{"line":20,"column":3}},"line":18},"2":{"name":"(anonymous_2)","decl":{"start":{"line":22,"column":2},"end":{"line":22,"column":3}},"loc":{"start":{"line":22,"column":22},"end":{"line":43,"column":3}},"line":22},"3":{"name":"(anonymous_3)","decl":{"start":{"line":45,"column":2},"end":{"line":45,"column":3}},"loc":{"start":{"line":45,"column":11},"end":{"line":69,"column":3}},"line":45}},"branchMap":{"0":{"loc":{"start":{"line":26,"column":4},"end":{"line":42,"column":5}},"type":"if","locations":[{"start":{"line":26,"column":4},"end":{"line":42,"column":5}},{"start":{"line":26,"column":4},"end":{"line":42,"column":5}}],"line":26},"1":{"loc":{"start":{"line":27,"column":6},"end":{"line":41,"column":7}},"type":"if","locations":[{"start":{"line":27,"column":6},"end":{"line":41,"column":7}},{"start":{"line":27,"column":6},"end":{"line":41,"column":7}}],"line":27},"2":{"loc":{"start":{"line":30,"column":8},"end":{"line":32,"column":9}},"type":"if","locations":[{"start":{"line":30,"column":8},"end":{"line":32,"column":9}},{"start":{"line":30,"column":8},"end":{"line":32,"column":9}}],"line":30},"3":{"loc":{"start":{"line":62,"column":13},"end":{"line":62,"column":104}},"type":"cond-expr","locations":[{"start":{"line":62,"column":54},"end":{"line":62,"column":56}},{"start":{"line":62,"column":59},"end":{"line":62,"column":104}}],"line":62}},"s":{"0":4,"1":4,"2":4,"3":4,"4":2,"5":4,"6":4,"7":4,"8":2,"9":1,"10":1,"11":1,"12":1,"13":1,"14":1,"15":6,"16":6,"17":6,"18":6,"19":4},"f":{"0":4,"1":2,"2":4,"3":6},"b":{"0":[2,2],"1":[1,1],"2":[1,0],"3":[5,1]},"_coverageSchema":"43e27e138ebf9cfc5966b082cf9a028302ed4184","hash":"7053c3d9a25cd5b0a4fa9411a2fdf8605fc2004c"}
,"/Users/Kheng/Dropbox/Backup/Hack Reactor/Hungry Hungry Hippos/service-KC/client/src/components/reviews/reviewList.jsx": {"path":"/Users/Kheng/Dropbox/Backup/Hack Reactor/Hungry Hungry Hippos/service-KC/client/src/components/reviews/reviewList.jsx","statementMap":{"0":{"start":{"line":6,"column":19},"end":{"line":30,"column":1}},"1":{"start":{"line":7,"column":31},"end":{"line":7,"column":36}},"2":{"start":{"line":9,"column":19},"end":{"line":9,"column":21}},"3":{"start":{"line":10,"column":2},"end":{"line":27,"column":3}},"4":{"start":{"line":11,"column":4},"end":{"line":26,"column":6}},"5":{"start":{"line":22,"column":12},"end":{"line":22,"column":65}},"6":{"start":{"line":29,"column":2},"end":{"line":29,"column":20}}},"fnMap":{"0":{"name":"(anonymous_0)","decl":{"start":{"line":6,"column":19},"end":{"line":6,"column":20}},"loc":{"start":{"line":6,"column":30},"end":{"line":30,"column":1}},"line":6},"1":{"name":"(anonymous_1)","decl":{"start":{"line":21,"column":23},"end":{"line":21,"column":24}},"loc":{"start":{"line":22,"column":12},"end":{"line":22,"column":65}},"line":22}},"branchMap":{"0":{"loc":{"start":{"line":10,"column":2},"end":{"line":27,"column":3}},"type":"if","locations":[{"start":{"line":10,"column":2},"end":{"line":27,"column":3}},{"start":{"line":10,"column":2},"end":{"line":27,"column":3}}],"line":10},"1":{"loc":{"start":{"line":10,"column":6},"end":{"line":10,"column":31}},"type":"binary-expr","locations":[{"start":{"line":10,"column":6},"end":{"line":10,"column":13}},{"start":{"line":10,"column":17},"end":{"line":10,"column":31}}],"line":10}},"s":{"0":3,"1":4,"2":4,"3":4,"4":2,"5":4,"6":4},"f":{"0":4,"1":4},"b":{"0":[2,2],"1":[4,2]},"_coverageSchema":"43e27e138ebf9cfc5966b082cf9a028302ed4184","hash":"a5ac7b9e52078f0ca6044695cb16ed561176e6db"}
,"/Users/Kheng/Dropbox/Backup/Hack Reactor/Hungry Hungry Hippos/service-KC/client/src/components/reviews/reviews.jsx": {"path":"/Users/Kheng/Dropbox/Backup/Hack Reactor/Hungry Hungry Hippos/service-KC/client/src/components/reviews/reviews.jsx","statementMap":{"0":{"start":{"line":7,"column":4},"end":{"line":7,"column":17}},"1":{"start":{"line":9,"column":4},"end":{"line":12,"column":6}},"2":{"start":{"line":16,"column":19},"end":{"line":16,"column":29}},"3":{"start":{"line":17,"column":4},"end":{"line":17,"column":24}},"4":{"start":{"line":21,"column":4},"end":{"line":27,"column":9}},"5":{"start":{"line":22,"column":19},"end":{"line":22,"column":29}},"6":{"start":{"line":24,"column":8},"end":{"line":26,"column":11}},"7":{"start":{"line":31,"column":33},"end":{"line":31,"column":43}},"8":{"start":{"line":33,"column":4},"end":{"line":37,"column":6}},"9":{"start":{"line":41,"column":0},"end":{"line":43,"column":2}}},"fnMap":{"0":{"name":"(anonymous_0)","decl":{"start":{"line":6,"column":2},"end":{"line":6,"column":3}},"loc":{"start":{"line":6,"column":21},"end":{"line":13,"column":3}},"line":6},"1":{"name":"(anonymous_1)","decl":{"start":{"line":15,"column":2},"end":{"line":15,"column":3}},"loc":{"start":{"line":15,"column":22},"end":{"line":18,"column":3}},"line":15},"2":{"name":"(anonymous_2)","decl":{"start":{"line":20,"column":2},"end":{"line":20,"column":3}},"loc":{"start":{"line":20,"column":17},"end":{"line":28,"column":3}},"line":20},"3":{"name":"(anonymous_3)","decl":{"start":{"line":22,"column":12},"end":{"line":22,"column":13}},"loc":{"start":{"line":22,"column":19},"end":{"line":22,"column":29}},"line":22},"4":{"name":"(anonymous_4)","decl":{"start":{"line":23,"column":12},"end":{"line":23,"column":13}},"loc":{"start":{"line":23,"column":22},"end":{"line":27,"column":7}},"line":23},"5":{"name":"(anonymous_5)","decl":{"start":{"line":30,"column":2},"end":{"line":30,"column":3}},"loc":{"start":{"line":30,"column":11},"end":{"line":38,"column":3}},"line":30}},"branchMap":{},"s":{"0":3,"1":3,"2":3,"3":3,"4":3,"5":3,"6":3,"7":7,"8":7,"9":2},"f":{"0":3,"1":3,"2":3,"3":3,"4":3,"5":7},"b":{},"_coverageSchema":"43e27e138ebf9cfc5966b082cf9a028302ed4184","hash":"2cc31ad6fc3c74cd19bea7feb1c0219011990654"}
,"/Users/Kheng/Dropbox/Backup/Hack Reactor/Hungry Hungry Hippos/service-KC/client/src/components/reviews/starRating.jsx": {"path":"/Users/Kheng/Dropbox/Backup/Hack Reactor/Hungry Hungry Hippos/service-KC/client/src/components/reviews/starRating.jsx","statementMap":{"0":{"start":{"line":4,"column":19},"end":{"line":16,"column":1}},"1":{"start":{"line":5,"column":18},"end":{"line":5,"column":23}},"2":{"start":{"line":6,"column":2},"end":{"line":6,"column":49}},"3":{"start":{"line":8,"column":2},"end":{"line":15,"column":4}},"4":{"start":{"line":18,"column":0},"end":{"line":20,"column":2}}},"fnMap":{"0":{"name":"(anonymous_0)","decl":{"start":{"line":4,"column":19},"end":{"line":4,"column":20}},"loc":{"start":{"line":4,"column":30},"end":{"line":16,"column":1}},"line":4}},"branchMap":{},"s":{"0":5,"1":4,"2":4,"3":4,"4":5},"f":{"0":4},"b":{},"_coverageSchema":"43e27e138ebf9cfc5966b082cf9a028302ed4184","hash":"c91b1e1db72279f85107aa66dfc08a4a2c58ff7e"}
,"/Users/Kheng/Dropbox/Backup/Hack Reactor/Hungry Hungry Hippos/service-KC/client/src/components/summary/summary.jsx": {"path":"/Users/Kheng/Dropbox/Backup/Hack Reactor/Hungry Hungry Hippos/service-KC/client/src/components/summary/summary.jsx","statementMap":{"0":{"start":{"line":8,"column":4},"end":{"line":8,"column":17}},"1":{"start":{"line":10,"column":4},"end":{"line":12,"column":6}},"2":{"start":{"line":16,"column":19},"end":{"line":16,"column":29}},"3":{"start":{"line":18,"column":4},"end":{"line":18,"column":27}},"4":{"start":{"line":22,"column":4},"end":{"line":28,"column":9}},"5":{"start":{"line":23,"column":19},"end":{"line":23,"column":29}},"6":{"start":{"line":25,"column":8},"end":{"line":27,"column":11}},"7":{"start":{"line":32,"column":27},"end":{"line":32,"column":37}},"8":{"start":{"line":34,"column":4},"end":{"line":41,"column":6}},"9":{"start":{"line":45,"column":0},"end":{"line":47,"column":2}}},"fnMap":{"0":{"name":"(anonymous_0)","decl":{"start":{"line":7,"column":2},"end":{"line":7,"column":3}},"loc":{"start":{"line":7,"column":21},"end":{"line":13,"column":3}},"line":7},"1":{"name":"(anonymous_1)","decl":{"start":{"line":15,"column":2},"end":{"line":15,"column":3}},"loc":{"start":{"line":15,"column":22},"end":{"line":19,"column":3}},"line":15},"2":{"name":"(anonymous_2)","decl":{"start":{"line":21,"column":2},"end":{"line":21,"column":3}},"loc":{"start":{"line":21,"column":20},"end":{"line":29,"column":3}},"line":21},"3":{"name":"(anonymous_3)","decl":{"start":{"line":23,"column":12},"end":{"line":23,"column":13}},"loc":{"start":{"line":23,"column":19},"end":{"line":23,"column":29}},"line":23},"4":{"name":"(anonymous_4)","decl":{"start":{"line":24,"column":12},"end":{"line":24,"column":13}},"loc":{"start":{"line":24,"column":22},"end":{"line":28,"column":7}},"line":24},"5":{"name":"(anonymous_5)","decl":{"start":{"line":31,"column":2},"end":{"line":31,"column":3}},"loc":{"start":{"line":31,"column":11},"end":{"line":42,"column":3}},"line":31}},"branchMap":{},"s":{"0":3,"1":3,"2":3,"3":3,"4":3,"5":3,"6":3,"7":7,"8":7,"9":2},"f":{"0":3,"1":3,"2":3,"3":3,"4":3,"5":7},"b":{},"_coverageSchema":"43e27e138ebf9cfc5966b082cf9a028302ed4184","hash":"0b5450cdda023f382606c78f4029770a5a7e43e4"}
,"/Users/Kheng/Dropbox/Backup/Hack Reactor/Hungry Hungry Hippos/service-KC/client/src/components/summary/summaryReview.jsx": {"path":"/Users/Kheng/Dropbox/Backup/Hack Reactor/Hungry Hungry Hippos/service-KC/client/src/components/summary/summaryReview.jsx","statementMap":{"0":{"start":{"line":4,"column":16},"end":{"line":23,"column":1}},"1":{"start":{"line":5,"column":34},"end":{"line":5,"column":39}},"2":{"start":{"line":7,"column":18},"end":{"line":7,"column":20}},"3":{"start":{"line":9,"column":2},"end":{"line":20,"column":3}},"4":{"start":{"line":10,"column":4},"end":{"line":19,"column":6}},"5":{"start":{"line":22,"column":2},"end":{"line":22,"column":19}}},"fnMap":{"0":{"name":"(anonymous_0)","decl":{"start":{"line":4,"column":16},"end":{"line":4,"column":17}},"loc":{"start":{"line":4,"column":27},"end":{"line":23,"column":1}},"line":4}},"branchMap":{"0":{"loc":{"start":{"line":9,"column":2},"end":{"line":20,"column":3}},"type":"if","locations":[{"start":{"line":9,"column":2},"end":{"line":20,"column":3}},{"start":{"line":9,"column":2},"end":{"line":20,"column":3}}],"line":9},"1":{"loc":{"start":{"line":9,"column":6},"end":{"line":9,"column":27}},"type":"binary-expr","locations":[{"start":{"line":9,"column":6},"end":{"line":9,"column":17}},{"start":{"line":9,"column":21},"end":{"line":9,"column":27}}],"line":9}},"s":{"0":3,"1":4,"2":4,"3":4,"4":2,"5":4},"f":{"0":4},"b":{"0":[2,2],"1":[4,2]},"_coverageSchema":"43e27e138ebf9cfc5966b082cf9a028302ed4184","hash":"c5f4e6713395474c9ac870629f5f91d0dcbf5d03"}
,"/Users/Kheng/Dropbox/Backup/Hack Reactor/Hungry Hungry Hippos/service-KC/client/src/components/summary/summaryScoreItem.jsx": {"path":"/Users/Kheng/Dropbox/Backup/Hack Reactor/Hungry Hungry Hippos/service-KC/client/src/components/summary/summaryScoreItem.jsx","statementMap":{"0":{"start":{"line":3,"column":18},"end":{"line":16,"column":1}},"1":{"start":{"line":4,"column":30},"end":{"line":4,"column":35}},"2":{"start":{"line":7,"column":4},"end":{"line":12,"column":10}},"3":{"start":{"line":15,"column":2},"end":{"line":15,"column":18}}},"fnMap":{"0":{"name":"(anonymous_0)","decl":{"start":{"line":3,"column":18},"end":{"line":3,"column":19}},"loc":{"start":{"line":3,"column":29},"end":{"line":16,"column":1}},"line":3}},"branchMap":{},"s":{"0":5,"1":4,"2":4,"3":4},"f":{"0":4},"b":{},"_coverageSchema":"43e27e138ebf9cfc5966b082cf9a028302ed4184","hash":"6207a482aaf1cf23d27f01b7983a49bbb158fb3c"}
,"/Users/Kheng/Dropbox/Backup/Hack Reactor/Hungry Hungry Hippos/service-KC/client/src/components/summary/summaryScoreList.jsx": {"path":"/Users/Kheng/Dropbox/Backup/Hack Reactor/Hungry Hungry Hippos/service-KC/client/src/components/summary/summaryScoreList.jsx","statementMap":{"0":{"start":{"line":4,"column":15},"end":{"line":22,"column":1}},"1":{"start":{"line":5,"column":21},"end":{"line":5,"column":26}},"2":{"start":{"line":7,"column":18},"end":{"line":7,"column":20}},"3":{"start":{"line":8,"column":2},"end":{"line":19,"column":3}},"4":{"start":{"line":9,"column":4},"end":{"line":18,"column":6}},"5":{"start":{"line":14,"column":14},"end":{"line":14,"column":87}},"6":{"start":{"line":21,"column":2},"end":{"line":21,"column":19}}},"fnMap":{"0":{"name":"(anonymous_0)","decl":{"start":{"line":4,"column":15},"end":{"line":4,"column":16}},"loc":{"start":{"line":4,"column":26},"end":{"line":22,"column":1}},"line":4},"1":{"name":"(anonymous_1)","decl":{"start":{"line":13,"column":17},"end":{"line":13,"column":18}},"loc":{"start":{"line":14,"column":14},"end":{"line":14,"column":87}},"line":14}},"branchMap":{"0":{"loc":{"start":{"line":8,"column":2},"end":{"line":19,"column":3}},"type":"if","locations":[{"start":{"line":8,"column":2},"end":{"line":19,"column":3}},{"start":{"line":8,"column":2},"end":{"line":19,"column":3}}],"line":8}},"s":{"0":4,"1":4,"2":4,"3":4,"4":2,"5":6,"6":4},"f":{"0":4,"1":6},"b":{"0":[2,2]},"_coverageSchema":"43e27e138ebf9cfc5966b082cf9a028302ed4184","hash":"5a99a0d4cc6022734e81f0699a66a0b9ded10220"}
,"/Users/Kheng/Dropbox/Backup/Hack Reactor/Hungry Hungry Hippos/service-KC/client/src/components/summary/summaryTags.jsx": {"path":"/Users/Kheng/Dropbox/Backup/Hack Reactor/Hungry Hungry Hippos/service-KC/client/src/components/summary/summaryTags.jsx","statementMap":{"0":{"start":{"line":3,"column":16},"end":{"line":24,"column":1}},"1":{"start":{"line":4,"column":23},"end":{"line":4,"column":28}},"2":{"start":{"line":6,"column":16},"end":{"line":6,"column":18}},"3":{"start":{"line":7,"column":2},"end":{"line":21,"column":3}},"4":{"start":{"line":8,"column":4},"end":{"line":20,"column":6}},"5":{"start":{"line":13,"column":14},"end":{"line":15,"column":18}},"6":{"start":{"line":17,"column":36},"end":{"line":17,"column":55}},"7":{"start":{"line":23,"column":2},"end":{"line":23,"column":17}}},"fnMap":{"0":{"name":"(anonymous_0)","decl":{"start":{"line":3,"column":16},"end":{"line":3,"column":17}},"loc":{"start":{"line":3,"column":27},"end":{"line":24,"column":1}},"line":3},"1":{"name":"(anonymous_1)","decl":{"start":{"line":12,"column":17},"end":{"line":12,"column":18}},"loc":{"start":{"line":13,"column":14},"end":{"line":15,"column":18}},"line":13},"2":{"name":"(anonymous_2)","decl":{"start":{"line":17,"column":20},"end":{"line":17,"column":21}},"loc":{"start":{"line":17,"column":36},"end":{"line":17,"column":55}},"line":17}},"branchMap":{"0":{"loc":{"start":{"line":7,"column":2},"end":{"line":21,"column":3}},"type":"if","locations":[{"start":{"line":7,"column":2},"end":{"line":21,"column":3}},{"start":{"line":7,"column":2},"end":{"line":21,"column":3}}],"line":7},"1":{"loc":{"start":{"line":14,"column":17},"end":{"line":14,"column":68}},"type":"cond-expr","locations":[{"start":{"line":14,"column":35},"end":{"line":14,"column":56}},{"start":{"line":14,"column":59},"end":{"line":14,"column":68}}],"line":14}},"s":{"0":3,"1":4,"2":4,"3":4,"4":2,"5":6,"6":4,"7":4},"f":{"0":4,"1":6,"2":4},"b":{"0":[2,2],"1":[2,4]},"_coverageSchema":"43e27e138ebf9cfc5966b082cf9a028302ed4184","hash":"40eb5bedd7425e6737337db92bf299dc1562cc1e"}
,"/Users/Kheng/Dropbox/Backup/Hack Reactor/Hungry Hungry Hippos/service-KC/client/src/utils/helpers.js": {"path":"/Users/Kheng/Dropbox/Backup/Hack Reactor/Hungry Hungry Hippos/service-KC/client/src/utils/helpers.js","statementMap":{"0":{"start":{"line":3,"column":4},"end":{"line":3,"column":51}}},"fnMap":{"0":{"name":"(anonymous_0)","decl":{"start":{"line":2,"column":2},"end":{"line":2,"column":3}},"loc":{"start":{"line":2,"column":18},"end":{"line":4,"column":3}},"line":2}},"branchMap":{},"s":{"0":4},"f":{"0":4},"b":{},"_coverageSchema":"43e27e138ebf9cfc5966b082cf9a028302ed4184","hash":"3572ddfbafd1b3614d0fd51574357078bdae92df"}
,"/Users/Kheng/Dropbox/Backup/Hack Reactor/Hungry Hungry Hippos/service-KC/server/db/db.js": {"path":"/Users/Kheng/Dropbox/Backup/Hack Reactor/Hungry Hungry Hippos/service-KC/server/db/db.js","statementMap":{"0":{"start":{"line":1,"column":17},"end":{"line":1,"column":36}},"1":{"start":{"line":2,"column":40},"end":{"line":2,"column":63}},"2":{"start":{"line":4,"column":0},"end":{"line":4,"column":47}},"3":{"start":{"line":6,"column":11},"end":{"line":6,"column":30}},"4":{"start":{"line":7,"column":0},"end":{"line":7,"column":65}},"5":{"start":{"line":8,"column":0},"end":{"line":8,"column":63}},"6":{"start":{"line":8,"column":24},"end":{"line":8,"column":59}},"7":{"start":{"line":10,"column":22},"end":{"line":18,"column":1}},"8":{"start":{"line":11,"column":2},"end":{"line":17,"column":5}},"9":{"start":{"line":12,"column":4},"end":{"line":16,"column":5}},"10":{"start":{"line":13,"column":6},"end":{"line":13,"column":20}},"11":{"start":{"line":15,"column":6},"end":{"line":15,"column":21}},"12":{"start":{"line":20,"column":20},"end":{"line":28,"column":1}},"13":{"start":{"line":21,"column":2},"end":{"line":27,"column":5}},"14":{"start":{"line":22,"column":4},"end":{"line":26,"column":5}},"15":{"start":{"line":23,"column":6},"end":{"line":23,"column":20}},"16":{"start":{"line":25,"column":6},"end":{"line":25,"column":21}},"17":{"start":{"line":30,"column":19},"end":{"line":39,"column":1}},"18":{"start":{"line":31,"column":2},"end":{"line":38,"column":14}},"19":{"start":{"line":32,"column":4},"end":{"line":36,"column":5}},"20":{"start":{"line":33,"column":6},"end":{"line":33,"column":20}},"21":{"start":{"line":35,"column":6},"end":{"line":35,"column":21}},"22":{"start":{"line":41,"column":0},"end":{"line":46,"column":2}}},"fnMap":{"0":{"name":"(anonymous_0)","decl":{"start":{"line":8,"column":16},"end":{"line":8,"column":17}},"loc":{"start":{"line":8,"column":22},"end":{"line":8,"column":61}},"line":8},"1":{"name":"(anonymous_1)","decl":{"start":{"line":10,"column":22},"end":{"line":10,"column":23}},"loc":{"start":{"line":10,"column":34},"end":{"line":18,"column":1}},"line":10},"2":{"name":"(anonymous_2)","decl":{"start":{"line":11,"column":43},"end":{"line":11,"column":44}},"loc":{"start":{"line":11,"column":58},"end":{"line":17,"column":3}},"line":11},"3":{"name":"(anonymous_3)","decl":{"start":{"line":20,"column":20},"end":{"line":20,"column":21}},"loc":{"start":{"line":20,"column":32},"end":{"line":28,"column":1}},"line":20},"4":{"name":"(anonymous_4)","decl":{"start":{"line":21,"column":38},"end":{"line":21,"column":39}},"loc":{"start":{"line":21,"column":53},"end":{"line":27,"column":3}},"line":21},"5":{"name":"(anonymous_5)","decl":{"start":{"line":30,"column":19},"end":{"line":30,"column":20}},"loc":{"start":{"line":30,"column":31},"end":{"line":39,"column":1}},"line":30},"6":{"name":"(anonymous_6)","decl":{"start":{"line":31,"column":36},"end":{"line":31,"column":37}},"loc":{"start":{"line":31,"column":51},"end":{"line":37,"column":3}},"line":31}},"branchMap":{"0":{"loc":{"start":{"line":12,"column":4},"end":{"line":16,"column":5}},"type":"if","locations":[{"start":{"line":12,"column":4},"end":{"line":16,"column":5}},{"start":{"line":12,"column":4},"end":{"line":16,"column":5}}],"line":12},"1":{"loc":{"start":{"line":22,"column":4},"end":{"line":26,"column":5}},"type":"if","locations":[{"start":{"line":22,"column":4},"end":{"line":26,"column":5}},{"start":{"line":22,"column":4},"end":{"line":26,"column":5}}],"line":22},"2":{"loc":{"start":{"line":32,"column":4},"end":{"line":36,"column":5}},"type":"if","locations":[{"start":{"line":32,"column":4},"end":{"line":36,"column":5}},{"start":{"line":32,"column":4},"end":{"line":36,"column":5}}],"line":32}},"s":{"0":1,"1":1,"2":1,"3":1,"4":1,"5":1,"6":1,"7":1,"8":1,"9":1,"10":0,"11":1,"12":1,"13":1,"14":1,"15":0,"16":1,"17":1,"18":1,"19":1,"20":0,"21":1,"22":1},"f":{"0":1,"1":1,"2":1,"3":1,"4":1,"5":1,"6":1},"b":{"0":[0,1],"1":[0,1],"2":[0,1]},"_coverageSchema":"43e27e138ebf9cfc5966b082cf9a028302ed4184","hash":"739e5fc13bac94345e0de1b9fa9ed61549a33d25"}
,"/Users/Kheng/Dropbox/Backup/Hack Reactor/Hungry Hungry Hippos/service-KC/server/db/schemas.js": {"path":"/Users/Kheng/Dropbox/Backup/Hack Reactor/Hungry Hungry Hippos/service-KC/server/db/schemas.js","statementMap":{"0":{"start":{"line":1,"column":17},"end":{"line":1,"column":36}},"1":{"start":{"line":4,"column":25},"end":{"line":28,"column":2}},"2":{"start":{"line":30,"column":19},"end":{"line":30,"column":65}},"3":{"start":{"line":33,"column":22},"end":{"line":37,"column":2}},"4":{"start":{"line":39,"column":16},"end":{"line":39,"column":56}},"5":{"start":{"line":42,"column":21},"end":{"line":50,"column":2}},"6":{"start":{"line":52,"column":15},"end":{"line":52,"column":53}},"7":{"start":{"line":54,"column":0},"end":{"line":58,"column":2}}},"fnMap":{},"branchMap":{},"s":{"0":1,"1":1,"2":1,"3":1,"4":1,"5":1,"6":1,"7":1},"f":{},"b":{},"_coverageSchema":"43e27e138ebf9cfc5966b082cf9a028302ed4184","hash":"b49afccad5f3ad6191b65257b493ef6af57b4f0e"}
}
