TN:
SF:/Users/Kheng/Dropbox/Backup/Hack Reactor/Hungry Hungry Hippos/service-KC/client/src/components/app.jsx
FN:7,(anonymous_0)
FN:24,(anonymous_1)
FNF:2
FNH:2
FNDA:1,(anonymous_0)
FNDA:1,(anonymous_1)
DA:8,1
DA:10,1
DA:12,1
DA:14,1
DA:15,1
DA:16,0
DA:19,1
DA:25,1
DA:27,1
LF:9
LH:8
BRDA:15,0,0,0
BRDA:15,0,1,1
BRF:2
BRH:1
end_of_record
TN:
SF:/Users/Kheng/Dropbox/Backup/Hack Reactor/Hungry Hungry Hippos/service-KC/client/src/components/gtk/gTKArticleItem.jsx
FN:3,(anonymous_0)
FN:7,(anonymous_1)
FN:7,(anonymous_2)
FNF:3
FNH:0
FNDA:0,(anonymous_0)
FNDA:0,(anonymous_1)
FNDA:0,(anonymous_2)
DA:3,1
DA:4,0
DA:7,0
DA:19,0
LF:4
LH:1
BRF:0
BRH:0
end_of_record
TN:
SF:/Users/Kheng/Dropbox/Backup/Hack Reactor/Hungry Hungry Hippos/service-KC/client/src/components/gtk/gTKArticleList.jsx
FN:7,(anonymous_0)
FN:17,(anonymous_1)
FN:25,(anonymous_2)
FN:37,(anonymous_3)
FNF:4
FNH:0
FNDA:0,(anonymous_0)
FNDA:0,(anonymous_1)
FNDA:0,(anonymous_2)
FNDA:0,(anonymous_3)
DA:8,0
DA:10,0
DA:14,0
DA:18,0
DA:19,0
DA:20,0
DA:26,0
DA:27,0
DA:29,0
DA:30,0
DA:31,0
DA:38,0
DA:52,0
DA:56,1
LF:14
LH:1
BRDA:21,0,0,0
BRDA:21,0,1,0
BRDA:30,1,0,0
BRDA:30,1,1,0
BRDA:30,2,0,0
BRDA:30,2,1,0
BRDA:41,3,0,0
BRDA:41,3,1,0
BRDA:44,4,0,0
BRDA:44,4,1,0
BRF:10
BRH:0
end_of_record
TN:
SF:/Users/Kheng/Dropbox/Backup/Hack Reactor/Hungry Hungry Hippos/service-KC/client/src/components/gtk/gTKInsiderTip.jsx
FN:3,(anonymous_0)
FNF:1
FNH:0
FNDA:0,(anonymous_0)
DA:3,1
DA:4,0
DA:6,0
DA:7,0
DA:8,0
DA:20,0
LF:6
LH:1
BRDA:7,0,0,0
BRDA:7,0,1,0
BRF:2
BRH:0
end_of_record
TN:
SF:/Users/Kheng/Dropbox/Backup/Hack Reactor/Hungry Hungry Hippos/service-KC/client/src/components/gtk/gTKKnownItem.jsx
FN:3,(anonymous_0)
FNF:1
FNH:0
FNDA:0,(anonymous_0)
DA:3,1
DA:4,0
DA:7,0
DA:13,0
LF:4
LH:1
BRF:0
BRH:0
end_of_record
TN:
SF:/Users/Kheng/Dropbox/Backup/Hack Reactor/Hungry Hungry Hippos/service-KC/client/src/components/gtk/gTKKnownList.jsx
FN:5,(anonymous_0)
FN:14,(anonymous_1)
FNF:2
FNH:0
FNDA:0,(anonymous_0)
FNDA:0,(anonymous_1)
DA:5,1
DA:6,0
DA:8,0
DA:9,0
DA:10,0
DA:15,0
DA:22,0
LF:7
LH:1
BRDA:9,0,0,0
BRDA:9,0,1,0
BRDA:9,1,0,0
BRDA:9,1,1,0
BRF:4
BRH:0
end_of_record
TN:
SF:/Users/Kheng/Dropbox/Backup/Hack Reactor/Hungry Hungry Hippos/service-KC/client/src/components/gtk/gTKOrderItem.jsx
FN:3,(anonymous_0)
FNF:1
FNH:0
FNDA:0,(anonymous_0)
DA:3,1
DA:4,0
DA:7,0
DA:14,0
LF:4
LH:1
BRF:0
BRH:0
end_of_record
TN:
SF:/Users/Kheng/Dropbox/Backup/Hack Reactor/Hungry Hungry Hippos/service-KC/client/src/components/gtk/gTKOrderList.jsx
FN:5,(anonymous_0)
FN:14,(anonymous_1)
FNF:2
FNH:0
FNDA:0,(anonymous_0)
FNDA:0,(anonymous_1)
DA:5,1
DA:6,0
DA:8,0
DA:9,0
DA:10,0
DA:15,0
DA:22,0
LF:7
LH:1
BRDA:9,0,0,0
BRDA:9,0,1,0
BRDA:9,1,0,0
BRDA:9,1,1,0
BRF:4
BRH:0
end_of_record
TN:
SF:/Users/Kheng/Dropbox/Backup/Hack Reactor/Hungry Hungry Hippos/service-KC/client/src/components/gtk/goodToKnow.jsx
FN:9,(anonymous_0)
FN:18,(anonymous_1)
FN:23,(anonymous_2)
FN:24,(anonymous_3)
FN:27,(anonymous_4)
FN:28,(anonymous_5)
FN:31,(anonymous_6)
FN:38,(anonymous_7)
FN:46,(anonymous_8)
FNF:9
FNH:0
FNDA:0,(anonymous_0)
FNDA:0,(anonymous_1)
FNDA:0,(anonymous_2)
FNDA:0,(anonymous_3)
FNDA:0,(anonymous_4)
FNDA:0,(anonymous_5)
FNDA:0,(anonymous_6)
FNDA:0,(anonymous_7)
FNDA:0,(anonymous_8)
DA:10,0
DA:12,0
DA:19,0
DA:20,0
DA:24,0
DA:28,0
DA:32,0
DA:37,0
DA:39,0
DA:47,0
DA:49,0
DA:60,1
LF:12
LH:1
BRDA:54,0,0,0
BRDA:54,0,1,0
BRF:2
BRH:0
end_of_record
TN:
SF:/Users/Kheng/Dropbox/Backup/Hack Reactor/Hungry Hungry Hippos/service-KC/client/src/components/reviews/reviewItem.jsx
FN:6,(anonymous_0)
FN:18,(anonymous_1)
FN:22,(anonymous_2)
FN:45,(anonymous_3)
FNF:4
FNH:0
FNDA:0,(anonymous_0)
FNDA:0,(anonymous_1)
FNDA:0,(anonymous_2)
FNDA:0,(anonymous_3)
DA:7,0
DA:9,0
DA:11,0
DA:15,0
DA:19,0
DA:23,0
DA:24,0
DA:26,0
DA:27,0
DA:28,0
DA:29,0
DA:30,0
DA:31,0
DA:34,0
DA:38,0
DA:46,0
DA:47,0
DA:50,0
DA:68,0
DA:72,1
LF:20
LH:1
BRDA:26,0,0,0
BRDA:26,0,1,0
BRDA:27,1,0,0
BRDA:27,1,1,0
BRDA:30,2,0,0
BRDA:30,2,1,0
BRDA:62,3,0,0
BRDA:62,3,1,0
BRF:8
BRH:0
end_of_record
TN:
SF:/Users/Kheng/Dropbox/Backup/Hack Reactor/Hungry Hungry Hippos/service-KC/client/src/components/reviews/reviewList.jsx
FN:6,(anonymous_0)
FN:21,(anonymous_1)
FNF:2
FNH:0
FNDA:0,(anonymous_0)
FNDA:0,(anonymous_1)
DA:6,1
DA:7,0
DA:9,0
DA:10,0
DA:11,0
DA:22,0
DA:29,0
LF:7
LH:1
BRDA:10,0,0,0
BRDA:10,0,1,0
BRDA:10,1,0,0
BRDA:10,1,1,0
BRF:4
BRH:0
end_of_record
TN:
SF:/Users/Kheng/Dropbox/Backup/Hack Reactor/Hungry Hungry Hippos/service-KC/client/src/components/reviews/reviews.jsx
FN:6,(anonymous_0)
FN:15,(anonymous_1)
FN:20,(anonymous_2)
FN:22,(anonymous_3)
FN:23,(anonymous_4)
FN:30,(anonymous_5)
FNF:6
FNH:0
FNDA:0,(anonymous_0)
FNDA:0,(anonymous_1)
FNDA:0,(anonymous_2)
FNDA:0,(anonymous_3)
FNDA:0,(anonymous_4)
FNDA:0,(anonymous_5)
DA:7,0
DA:9,0
DA:16,0
DA:17,0
DA:21,0
DA:22,0
DA:24,0
DA:31,0
DA:33,0
DA:41,1
LF:10
LH:1
BRF:0
BRH:0
end_of_record
TN:
SF:/Users/Kheng/Dropbox/Backup/Hack Reactor/Hungry Hungry Hippos/service-KC/client/src/components/reviews/starRating.jsx
FN:4,(anonymous_0)
FNF:1
FNH:0
FNDA:0,(anonymous_0)
DA:4,1
DA:5,0
DA:6,0
DA:8,0
DA:18,1
LF:5
LH:2
BRF:0
BRH:0
end_of_record
TN:
SF:/Users/Kheng/Dropbox/Backup/Hack Reactor/Hungry Hungry Hippos/service-KC/client/src/components/summary/summary.jsx
FN:7,(anonymous_0)
FN:15,(anonymous_1)
FN:21,(anonymous_2)
FN:23,(anonymous_3)
FN:24,(anonymous_4)
FN:31,(anonymous_5)
FNF:6
FNH:6
FNDA:3,(anonymous_0)
FNDA:3,(anonymous_1)
FNDA:3,(anonymous_2)
FNDA:3,(anonymous_3)
FNDA:3,(anonymous_4)
FNDA:7,(anonymous_5)
DA:8,3
DA:10,3
DA:16,3
DA:18,3
DA:22,3
DA:23,3
DA:25,3
DA:32,7
DA:34,7
DA:45,2
LF:10
LH:10
BRF:0
BRH:0
end_of_record
TN:
SF:/Users/Kheng/Dropbox/Backup/Hack Reactor/Hungry Hungry Hippos/service-KC/client/src/components/summary/summaryReview.jsx
FN:4,(anonymous_0)
FNF:1
FNH:1
FNDA:4,(anonymous_0)
DA:4,3
DA:5,4
DA:7,4
DA:9,4
DA:10,2
DA:22,4
LF:6
LH:6
BRDA:9,0,0,2
BRDA:9,0,1,2
BRDA:9,1,0,4
BRDA:9,1,1,2
BRF:4
BRH:4
end_of_record
TN:
SF:/Users/Kheng/Dropbox/Backup/Hack Reactor/Hungry Hungry Hippos/service-KC/client/src/components/summary/summaryScoreItem.jsx
FN:3,(anonymous_0)
FNF:1
FNH:0
FNDA:0,(anonymous_0)
DA:3,3
DA:4,0
DA:7,0
DA:15,0
LF:4
LH:1
BRF:0
BRH:0
end_of_record
TN:
SF:/Users/Kheng/Dropbox/Backup/Hack Reactor/Hungry Hungry Hippos/service-KC/client/src/components/summary/summaryScoreList.jsx
FN:4,(anonymous_0)
FN:13,(anonymous_1)
FNF:2
FNH:0
FNDA:0,(anonymous_0)
FNDA:0,(anonymous_1)
DA:4,3
DA:5,0
DA:7,0
DA:8,0
DA:9,0
DA:14,0
DA:21,0
LF:7
LH:1
BRDA:8,0,0,0
BRDA:8,0,1,0
BRF:2
BRH:0
end_of_record
TN:
SF:/Users/Kheng/Dropbox/Backup/Hack Reactor/Hungry Hungry Hippos/service-KC/client/src/components/summary/summaryTags.jsx
FN:3,(anonymous_0)
FN:12,(anonymous_1)
FN:17,(anonymous_2)
FNF:3
FNH:0
FNDA:0,(anonymous_0)
FNDA:0,(anonymous_1)
FNDA:0,(anonymous_2)
DA:3,2
DA:4,0
DA:6,0
DA:7,0
DA:8,0
DA:13,0
DA:17,0
DA:23,0
LF:8
LH:1
BRDA:7,0,0,0
BRDA:7,0,1,0
BRDA:14,1,0,0
BRDA:14,1,1,0
BRF:4
BRH:0
end_of_record
TN:
SF:/Users/Kheng/Dropbox/Backup/Hack Reactor/Hungry Hungry Hippos/service-KC/client/src/utils/helpers.js
FN:2,(anonymous_0)
FNF:1
FNH:0
FNDA:0,(anonymous_0)
DA:3,0
LF:1
LH:0
BRF:0
BRH:0
end_of_record
TN:
SF:/Users/Kheng/Dropbox/Backup/Hack Reactor/Hungry Hungry Hippos/service-KC/server/db/db.js
FN:8,(anonymous_0)
FN:10,(anonymous_1)
FN:11,(anonymous_2)
FN:20,(anonymous_3)
FN:21,(anonymous_4)
FN:30,(anonymous_5)
FN:31,(anonymous_6)
FNF:7
FNH:7
FNDA:1,(anonymous_0)
FNDA:1,(anonymous_1)
FNDA:1,(anonymous_2)
FNDA:1,(anonymous_3)
FNDA:1,(anonymous_4)
FNDA:1,(anonymous_5)
FNDA:1,(anonymous_6)
DA:1,1
DA:2,1
DA:4,1
DA:6,1
DA:7,1
DA:8,1
DA:10,1
DA:11,1
DA:12,1
DA:13,0
DA:15,1
DA:20,1
DA:21,1
DA:22,1
DA:23,0
DA:25,1
DA:30,1
DA:31,1
DA:32,1
DA:33,0
DA:35,1
DA:41,1
LF:22
LH:19
BRDA:12,0,0,0
BRDA:12,0,1,1
BRDA:22,1,0,0
BRDA:22,1,1,1
BRDA:32,2,0,0
BRDA:32,2,1,1
BRF:6
BRH:3
end_of_record
TN:
SF:/Users/Kheng/Dropbox/Backup/Hack Reactor/Hungry Hungry Hippos/service-KC/server/db/schemas.js
FNF:0
FNH:0
DA:1,1
DA:4,1
DA:30,1
DA:33,1
DA:39,1
DA:42,1
DA:52,1
DA:54,1
LF:8
LH:8
BRF:0
BRH:0
end_of_record
