TN:
SF:/Users/Kheng/Dropbox/Backup/Hack Reactor/Hungry Hungry Hippos/service-KC/client/src/components/app.jsx
FN:7,(anonymous_0)
FN:24,(anonymous_1)
FNF:2
FNH:2
FNDA:1,(anonymous_0)
FNDA:1,(anonymous_1)
DA:8,1
DA:10,1
DA:12,1
DA:14,1
DA:15,1
DA:16,0
DA:19,1
DA:25,1
DA:27,1
LF:9
LH:8
BRDA:15,0,0,0
BRDA:15,0,1,1
BRF:2
BRH:1
end_of_record
TN:
SF:/Users/Kheng/Dropbox/Backup/Hack Reactor/Hungry Hungry Hippos/service-KC/client/src/components/gtk/gTKArticleItem.jsx
FN:3,(anonymous_0)
FN:7,(anonymous_1)
FN:7,(anonymous_2)
FNF:3
FNH:1
FNDA:7,(anonymous_0)
FNDA:0,(anonymous_1)
FNDA:0,(anonymous_2)
DA:3,4
DA:4,7
DA:7,7
DA:19,7
LF:4
LH:4
BRF:0
BRH:0
end_of_record
TN:
SF:/Users/Kheng/Dropbox/Backup/Hack Reactor/Hungry Hungry Hippos/service-KC/client/src/components/gtk/gTKArticleList.jsx
FN:7,(anonymous_0)
FN:17,(anonymous_1)
FN:25,(anonymous_2)
FN:37,(anonymous_3)
FNF:4
FNH:4
FNDA:2,(anonymous_0)
FNDA:1,(anonymous_1)
FNDA:3,(anonymous_2)
FNDA:6,(anonymous_3)
DA:8,2
DA:10,2
DA:14,2
DA:18,1
DA:19,1
DA:20,1
DA:26,3
DA:27,3
DA:29,3
DA:30,3
DA:31,3
DA:38,6
DA:52,3
DA:56,3
LF:14
LH:14
BRDA:21,0,0,0
BRDA:21,0,1,1
BRDA:30,1,0,3
BRDA:30,1,1,0
BRDA:30,2,0,3
BRDA:30,2,1,3
BRDA:41,3,0,2
BRDA:41,3,1,1
BRDA:44,4,0,1
BRDA:44,4,1,1
BRF:10
BRH:8
end_of_record
TN:
SF:/Users/Kheng/Dropbox/Backup/Hack Reactor/Hungry Hungry Hippos/service-KC/client/src/components/gtk/gTKInsiderTip.jsx
FN:3,(anonymous_0)
FNF:1
FNH:1
FNDA:1,(anonymous_0)
DA:3,3
DA:4,1
DA:6,1
DA:7,1
DA:8,1
DA:20,1
LF:6
LH:6
BRDA:7,0,0,1
BRDA:7,0,1,0
BRF:2
BRH:1
end_of_record
TN:
SF:/Users/Kheng/Dropbox/Backup/Hack Reactor/Hungry Hungry Hippos/service-KC/client/src/components/gtk/gTKKnownItem.jsx
FN:3,(anonymous_0)
FNF:1
FNH:1
FNDA:3,(anonymous_0)
DA:3,4
DA:4,3
DA:7,3
DA:13,3
LF:4
LH:4
BRF:0
BRH:0
end_of_record
TN:
SF:/Users/Kheng/Dropbox/Backup/Hack Reactor/Hungry Hungry Hippos/service-KC/client/src/components/gtk/gTKKnownList.jsx
FN:5,(anonymous_0)
FN:14,(anonymous_1)
FNF:2
FNH:2
FNDA:2,(anonymous_0)
FNDA:2,(anonymous_1)
DA:5,3
DA:6,2
DA:8,2
DA:9,2
DA:10,1
DA:15,2
DA:22,2
LF:7
LH:7
BRDA:9,0,0,1
BRDA:9,0,1,1
BRDA:9,1,0,2
BRDA:9,1,1,2
BRF:4
BRH:4
end_of_record
TN:
SF:/Users/Kheng/Dropbox/Backup/Hack Reactor/Hungry Hungry Hippos/service-KC/client/src/components/gtk/gTKOrderItem.jsx
FN:3,(anonymous_0)
FNF:1
FNH:1
FNDA:3,(anonymous_0)
DA:3,4
DA:4,3
DA:7,3
DA:14,3
LF:4
LH:4
BRF:0
BRH:0
end_of_record
TN:
SF:/Users/Kheng/Dropbox/Backup/Hack Reactor/Hungry Hungry Hippos/service-KC/client/src/components/gtk/gTKOrderList.jsx
FN:5,(anonymous_0)
FN:14,(anonymous_1)
FNF:2
FNH:2
FNDA:2,(anonymous_0)
FNDA:2,(anonymous_1)
DA:5,3
DA:6,2
DA:8,2
DA:9,2
DA:10,1
DA:15,2
DA:22,2
LF:7
LH:7
BRDA:9,0,0,1
BRDA:9,0,1,1
BRDA:9,1,0,2
BRDA:9,1,1,2
BRF:4
BRH:4
end_of_record
TN:
SF:/Users/Kheng/Dropbox/Backup/Hack Reactor/Hungry Hungry Hippos/service-KC/client/src/components/gtk/goodToKnow.jsx
FN:9,(anonymous_0)
FN:18,(anonymous_1)
FN:23,(anonymous_2)
FN:24,(anonymous_3)
FN:27,(anonymous_4)
FN:28,(anonymous_5)
FN:31,(anonymous_6)
FN:38,(anonymous_7)
FN:46,(anonymous_8)
FNF:9
FNH:9
FNDA:3,(anonymous_0)
FNDA:3,(anonymous_1)
FNDA:3,(anonymous_2)
FNDA:3,(anonymous_3)
FNDA:3,(anonymous_4)
FNDA:3,(anonymous_5)
FNDA:3,(anonymous_6)
FNDA:3,(anonymous_7)
FNDA:7,(anonymous_8)
DA:10,3
DA:12,3
DA:19,3
DA:20,3
DA:24,3
DA:28,3
DA:32,3
DA:37,3
DA:39,3
DA:47,7
DA:49,7
DA:60,2
LF:12
LH:12
BRDA:54,0,0,4
BRDA:54,0,1,3
BRF:2
BRH:2
end_of_record
TN:
SF:/Users/Kheng/Dropbox/Backup/Hack Reactor/Hungry Hungry Hippos/service-KC/client/src/components/reviews/reviewItem.jsx
FN:6,(anonymous_0)
FN:18,(anonymous_1)
FN:22,(anonymous_2)
FN:45,(anonymous_3)
FNF:4
FNH:4
FNDA:4,(anonymous_0)
FNDA:2,(anonymous_1)
FNDA:4,(anonymous_2)
FNDA:6,(anonymous_3)
DA:7,4
DA:9,4
DA:11,4
DA:15,4
DA:19,2
DA:23,4
DA:24,4
DA:26,4
DA:27,2
DA:28,1
DA:29,1
DA:30,1
DA:31,1
DA:34,1
DA:38,1
DA:46,6
DA:47,6
DA:50,6
DA:68,6
DA:72,4
LF:20
LH:20
BRDA:26,0,0,2
BRDA:26,0,1,2
BRDA:27,1,0,1
BRDA:27,1,1,1
BRDA:30,2,0,1
BRDA:30,2,1,0
BRDA:62,3,0,5
BRDA:62,3,1,1
BRF:8
BRH:7
end_of_record
TN:
SF:/Users/Kheng/Dropbox/Backup/Hack Reactor/Hungry Hungry Hippos/service-KC/client/src/components/reviews/reviewList.jsx
FN:6,(anonymous_0)
FN:21,(anonymous_1)
FNF:2
FNH:2
FNDA:4,(anonymous_0)
FNDA:4,(anonymous_1)
DA:6,3
DA:7,4
DA:9,4
DA:10,4
DA:11,2
DA:22,4
DA:29,4
LF:7
LH:7
BRDA:10,0,0,2
BRDA:10,0,1,2
BRDA:10,1,0,4
BRDA:10,1,1,2
BRF:4
BRH:4
end_of_record
TN:
SF:/Users/Kheng/Dropbox/Backup/Hack Reactor/Hungry Hungry Hippos/service-KC/client/src/components/reviews/reviews.jsx
FN:6,(anonymous_0)
FN:15,(anonymous_1)
FN:20,(anonymous_2)
FN:22,(anonymous_3)
FN:23,(anonymous_4)
FN:30,(anonymous_5)
FNF:6
FNH:6
FNDA:3,(anonymous_0)
FNDA:3,(anonymous_1)
FNDA:3,(anonymous_2)
FNDA:3,(anonymous_3)
FNDA:3,(anonymous_4)
FNDA:7,(anonymous_5)
DA:7,3
DA:9,3
DA:16,3
DA:17,3
DA:21,3
DA:22,3
DA:24,3
DA:31,7
DA:33,7
DA:41,2
LF:10
LH:10
BRF:0
BRH:0
end_of_record
TN:
SF:/Users/Kheng/Dropbox/Backup/Hack Reactor/Hungry Hungry Hippos/service-KC/client/src/components/reviews/starRating.jsx
FN:4,(anonymous_0)
FNF:1
FNH:1
FNDA:4,(anonymous_0)
DA:4,5
DA:5,4
DA:6,4
DA:8,4
DA:18,5
LF:5
LH:5
BRF:0
BRH:0
end_of_record
TN:
SF:/Users/Kheng/Dropbox/Backup/Hack Reactor/Hungry Hungry Hippos/service-KC/client/src/components/summary/summary.jsx
FN:7,(anonymous_0)
FN:15,(anonymous_1)
FN:21,(anonymous_2)
FN:23,(anonymous_3)
FN:24,(anonymous_4)
FN:31,(anonymous_5)
FNF:6
FNH:6
FNDA:3,(anonymous_0)
FNDA:3,(anonymous_1)
FNDA:3,(anonymous_2)
FNDA:3,(anonymous_3)
FNDA:3,(anonymous_4)
FNDA:7,(anonymous_5)
DA:8,3
DA:10,3
DA:16,3
DA:18,3
DA:22,3
DA:23,3
DA:25,3
DA:32,7
DA:34,7
DA:45,2
LF:10
LH:10
BRF:0
BRH:0
end_of_record
TN:
SF:/Users/Kheng/Dropbox/Backup/Hack Reactor/Hungry Hungry Hippos/service-KC/client/src/components/summary/summaryReview.jsx
FN:4,(anonymous_0)
FNF:1
FNH:1
FNDA:4,(anonymous_0)
DA:4,3
DA:5,4
DA:7,4
DA:9,4
DA:10,2
DA:22,4
LF:6
LH:6
BRDA:9,0,0,2
BRDA:9,0,1,2
BRDA:9,1,0,4
BRDA:9,1,1,2
BRF:4
BRH:4
end_of_record
TN:
SF:/Users/Kheng/Dropbox/Backup/Hack Reactor/Hungry Hungry Hippos/service-KC/client/src/components/summary/summaryScoreItem.jsx
FN:3,(anonymous_0)
FNF:1
FNH:1
FNDA:4,(anonymous_0)
DA:3,5
DA:4,4
DA:7,4
DA:15,4
LF:4
LH:4
BRF:0
BRH:0
end_of_record
TN:
SF:/Users/Kheng/Dropbox/Backup/Hack Reactor/Hungry Hungry Hippos/service-KC/client/src/components/summary/summaryScoreList.jsx
FN:4,(anonymous_0)
FN:13,(anonymous_1)
FNF:2
FNH:2
FNDA:4,(anonymous_0)
FNDA:6,(anonymous_1)
DA:4,4
DA:5,4
DA:7,4
DA:8,4
DA:9,2
DA:14,6
DA:21,4
LF:7
LH:7
BRDA:8,0,0,2
BRDA:8,0,1,2
BRF:2
BRH:2
end_of_record
TN:
SF:/Users/Kheng/Dropbox/Backup/Hack Reactor/Hungry Hungry Hippos/service-KC/client/src/components/summary/summaryTags.jsx
FN:3,(anonymous_0)
FN:12,(anonymous_1)
FN:17,(anonymous_2)
FNF:3
FNH:3
FNDA:4,(anonymous_0)
FNDA:6,(anonymous_1)
FNDA:4,(anonymous_2)
DA:3,3
DA:4,4
DA:6,4
DA:7,4
DA:8,2
DA:13,6
DA:17,4
DA:23,4
LF:8
LH:8
BRDA:7,0,0,2
BRDA:7,0,1,2
BRDA:14,1,0,2
BRDA:14,1,1,4
BRF:4
BRH:4
end_of_record
TN:
SF:/Users/Kheng/Dropbox/Backup/Hack Reactor/Hungry Hungry Hippos/service-KC/client/src/utils/helpers.js
FN:2,(anonymous_0)
FNF:1
FNH:1
FNDA:14,(anonymous_0)
DA:3,14
LF:1
LH:1
BRF:0
BRH:0
end_of_record
TN:
SF:/Users/Kheng/Dropbox/Backup/Hack Reactor/Hungry Hungry Hippos/service-KC/server/db/db.js
FN:8,(anonymous_0)
FN:10,(anonymous_1)
FN:11,(anonymous_2)
FN:20,(anonymous_3)
FN:21,(anonymous_4)
FN:30,(anonymous_5)
FN:31,(anonymous_6)
FNF:7
FNH:7
FNDA:1,(anonymous_0)
FNDA:1,(anonymous_1)
FNDA:1,(anonymous_2)
FNDA:1,(anonymous_3)
FNDA:1,(anonymous_4)
FNDA:1,(anonymous_5)
FNDA:1,(anonymous_6)
DA:1,1
DA:2,1
DA:4,1
DA:6,1
DA:7,1
DA:8,1
DA:10,1
DA:11,1
DA:12,1
DA:13,0
DA:15,1
DA:20,1
DA:21,1
DA:22,1
DA:23,0
DA:25,1
DA:30,1
DA:31,1
DA:32,1
DA:33,0
DA:35,1
DA:41,1
LF:22
LH:19
BRDA:12,0,0,0
BRDA:12,0,1,1
BRDA:22,1,0,0
BRDA:22,1,1,1
BRDA:32,2,0,0
BRDA:32,2,1,1
BRF:6
BRH:3
end_of_record
TN:
SF:/Users/Kheng/Dropbox/Backup/Hack Reactor/Hungry Hungry Hippos/service-KC/server/db/schemas.js
FNF:0
FNH:0
DA:1,1
DA:4,1
DA:30,1
DA:33,1
DA:39,1
DA:42,1
DA:52,1
DA:54,1
LF:8
LH:8
BRF:0
BRH:0
end_of_record
